{
  "RSpec": {
    "coverage": {
      "/home/eugene/git/reverse_polish_cli/spec/cli_spec.rb": [
        1,
        null,
        1,
        10,
        9,
        null,
        1,
        1,
        1,
        2,
        1,
        null,
        null,
        1,
        1,
        2,
        null,
        null,
        1,
        1,
        2,
        null,
        null,
        1,
        1,
        2,
        null,
        null,
        1,
        1,
        2,
        null,
        null,
        1,
        1,
        1,
        1,
        null,
        null,
        1,
        1,
        2,
        null,
        null,
        1,
        1,
        2,
        null,
        null,
        1,
        1,
        2,
        null,
        null,
        1,
        1,
        2,
        null,
        null,
        11,
        null,
        null
      ],
      "/home/eugene/git/reverse_polish_cli/spec/main_spec.rb": [
        1,
        null,
        1,
        1,
        9,
        7,
        null,
        1,
        4,
        4,
        null,
        null,
        null,
        1,
        2,
        null,
        null,
        1,
        2,
        null,
        null,
        1,
        2,
        null,
        null,
        1,
        2,
        null,
        null,
        null
      ]
    },
    "timestamp": 1516377315
  }
}
